2022-05-17 16:33:32,574 - Velocimacro : added VM includeImageReferenceEmbedding: source=/templates/macros/json/embeddings.vm
2022-05-17 16:33:32,574 - Velocimacro : added VM includeTextEmbedding: source=/templates/macros/json/embeddings.vm
2022-05-17 16:33:32,575 - Velocimacro : added VM includeUnknownEmbedding: source=/templates/macros/json/embeddings.vm
2022-05-17 16:33:32,575 - ResourceManager : found /templates/macros/json/embeddings.vm with loader org.apache.velocity.runtime.resource.loader.ClasspathResourceLoader
2022-05-17 16:33:32,577 - Velocimacro : added VM includeHooks: source=/templates/macros/json/hooks.vm
2022-05-17 16:33:32,577 - ResourceManager : found /templates/macros/json/hooks.vm with loader org.apache.velocity.runtime.resource.loader.ClasspathResourceLoader
2022-05-17 16:33:32,580 - Velocimacro : added VM includeOutput: source=/templates/macros/json/output.vm
2022-05-17 16:33:32,581 - ResourceManager : found /templates/macros/json/output.vm with loader org.apache.velocity.runtime.resource.loader.ClasspathResourceLoader
2022-05-17 16:33:32,582 - Velocimacro : added VM includeMessage: source=/templates/macros/json/message.vm
2022-05-17 16:33:32,582 - ResourceManager : found /templates/macros/json/message.vm with loader org.apache.velocity.runtime.resource.loader.ClasspathResourceLoader
2022-05-17 16:33:32,584 - Velocimacro : added VM includeSteps: source=/templates/macros/json/steps.vm
2022-05-17 16:33:32,584 - ResourceManager : found /templates/macros/json/steps.vm with loader org.apache.velocity.runtime.resource.loader.ClasspathResourceLoader
2022-05-17 16:33:32,586 - Velocimacro : added VM includeStepName: source=/templates/macros/json/stepName.vm
2022-05-17 16:33:32,586 - ResourceManager : found /templates/macros/json/stepName.vm with loader org.apache.velocity.runtime.resource.loader.ClasspathResourceLoader
2022-05-17 16:33:32,587 - Velocimacro : added VM includeTags: source=/templates/macros/json/tags.vm
2022-05-17 16:33:32,587 - ResourceManager : found /templates/macros/json/tags.vm with loader org.apache.velocity.runtime.resource.loader.ClasspathResourceLoader
2022-05-17 16:33:32,599 - VM #includeNavigation: too few arguments to macro. Wanted 1 got 0
2022-05-17 16:33:32,600 - Left side ($active_tab) of '==' operation has null value. If it is a reference, it may not be in the context or its toString() returned null. /templates/macros/page/navigation.vm[line 14, column 51]
2022-05-17 16:33:32,600 - Left side ($active_tab) of '==' operation has null value. If it is a reference, it may not be in the context or its toString() returned null. /templates/macros/page/navigation.vm[line 15, column 51]
2022-05-17 16:33:32,600 - Left side ($active_tab) of '==' operation has null value. If it is a reference, it may not be in the context or its toString() returned null. /templates/macros/page/navigation.vm[line 16, column 51]
2022-05-17 16:33:32,600 - Left side ($active_tab) of '==' operation has null value. If it is a reference, it may not be in the context or its toString() returned null. /templates/macros/page/navigation.vm[line 20, column 51]
2022-05-17 16:33:32,619 - ResourceManager : found /templates/footer.vm with loader org.apache.velocity.runtime.resource.loader.ClasspathResourceLoader
2022-05-17 16:34:12,099 - Log4JLogChute initialized using file 'target\velocity.log'
2022-05-17 16:34:12,100 - Initializing Velocity, Calling init()...
2022-05-17 16:34:12,100 - Starting Apache Velocity v1.7 (compiled: 2010-11-19 12:14:37)
2022-05-17 16:34:12,100 - Default Properties File: org\apache\velocity\runtime\defaults\velocity.properties
2022-05-17 16:34:12,100 - Trying to use logger class org.apache.velocity.runtime.log.AvalonLogChute
2022-05-17 16:34:12,100 - Target log system for org.apache.velocity.runtime.log.AvalonLogChute is not available (java.lang.NoClassDefFoundError: org/apache/log/format/Formatter).  Falling back to next log system...
2022-05-17 16:34:12,100 - Trying to use logger class org.apache.velocity.runtime.log.Log4JLogChute
2022-05-17 16:34:12,100 - Using logger class org.apache.velocity.runtime.log.Log4JLogChute
2022-05-17 16:34:12,103 - ResourceLoader instantiated: org.apache.velocity.runtime.resource.loader.ClasspathResourceLoader
2022-05-17 16:34:12,118 - ResourceCache: initialized (class org.apache.velocity.runtime.resource.ResourceCacheImpl) with class java.util.Collections$SynchronizedMap cache map.
2022-05-17 16:34:12,119 - Loaded System Directive: org.apache.velocity.runtime.directive.Stop
2022-05-17 16:34:12,120 - Loaded System Directive: org.apache.velocity.runtime.directive.Define
2022-05-17 16:34:12,122 - Loaded System Directive: org.apache.velocity.runtime.directive.Break
2022-05-17 16:34:12,122 - Loaded System Directive: org.apache.velocity.runtime.directive.Evaluate
2022-05-17 16:34:12,123 - Loaded System Directive: org.apache.velocity.runtime.directive.Literal
2022-05-17 16:34:12,124 - Loaded System Directive: org.apache.velocity.runtime.directive.Macro
2022-05-17 16:34:12,125 - Loaded System Directive: org.apache.velocity.runtime.directive.Parse
2022-05-17 16:34:12,127 - Loaded System Directive: org.apache.velocity.runtime.directive.Include
2022-05-17 16:34:12,128 - Loaded System Directive: org.apache.velocity.runtime.directive.Foreach
2022-05-17 16:34:12,155 - Created '20' parsers.
2022-05-17 16:34:12,161 - Velocimacro : "velocimacro.library" is not set.  Trying default library: VM_global_library.vm
2022-05-17 16:34:12,162 - Could not load resource 'VM_global_library.vm' from ResourceLoader org.apache.velocity.runtime.resource.loader.ClasspathResourceLoader: ClasspathResourceLoader Error: cannot find resource VM_global_library.vm
2022-05-17 16:34:12,162 - Velocimacro : Default library not found.
2022-05-17 16:34:12,162 - Velocimacro : allowInline = true : VMs can be defined inline in templates
2022-05-17 16:34:12,162 - Velocimacro : allowInlineToOverride = false : VMs defined inline may NOT replace previous VM definitions
2022-05-17 16:34:12,162 - Velocimacro : allowInlineLocal = false : VMs defined inline will be global in scope if allowed.
2022-05-17 16:34:12,162 - Velocimacro : autoload off : VM system will not automatically reload global library macros
2022-05-17 16:34:12,292 - ResourceManager : found templates/generators/errorpage.vm with loader org.apache.velocity.runtime.resource.loader.ClasspathResourceLoader
2022-05-17 16:34:12,302 - ResourceManager : found /templates/headers.vm with loader org.apache.velocity.runtime.resource.loader.ClasspathResourceLoader
2022-05-17 16:34:12,305 - ResourceManager : found /templates/head.vm with loader org.apache.velocity.runtime.resource.loader.ClasspathResourceLoader
2022-05-17 16:34:12,315 - Velocimacro : added VM stringArray: source=/templates/macros/array.js.vm
2022-05-17 16:34:12,315 - Velocimacro : added VM numberArray: source=/templates/macros/array.js.vm
2022-05-17 16:34:12,315 - ResourceManager : found /templates/macros/array.js.vm with loader org.apache.velocity.runtime.resource.loader.ClasspathResourceLoader
2022-05-17 16:34:12,318 - Velocimacro : added VM includeBuildInfo: source=/templates/macros/page/buildinfo.vm
2022-05-17 16:34:12,318 - ResourceManager : found /templates/macros/page/buildinfo.vm with loader org.apache.velocity.runtime.resource.loader.ClasspathResourceLoader
2022-05-17 16:34:12,324 - Velocimacro : added VM includeClassifications: source=/templates/macros/page/classifications.vm
2022-05-17 16:34:12,324 - ResourceManager : found /templates/macros/page/classifications.vm with loader org.apache.velocity.runtime.resource.loader.ClasspathResourceLoader
2022-05-17 16:34:12,325 - Velocimacro : added VM includeLead: source=/templates/macros/page/lead.vm
2022-05-17 16:34:12,325 - ResourceManager : found /templates/macros/page/lead.vm with loader org.apache.velocity.runtime.resource.loader.ClasspathResourceLoader
2022-05-17 16:34:12,330 - Velocimacro : added VM includeNavigation: source=/templates/macros/page/navigation.vm
2022-05-17 16:34:12,330 - ResourceManager : found /templates/macros/page/navigation.vm with loader org.apache.velocity.runtime.resource.loader.ClasspathResourceLoader
2022-05-17 16:34:12,333 - Velocimacro : added VM includeReportInfo: source=/templates/macros/page/reportInfo.vm
2022-05-17 16:34:12,333 - ResourceManager : found /templates/macros/page/reportInfo.vm with loader org.apache.velocity.runtime.resource.loader.ClasspathResourceLoader
2022-05-17 16:34:12,334 - Velocimacro : added VM includeTitle: source=/templates/macros/page/title.vm
2022-05-17 16:34:12,334 - ResourceManager : found /templates/macros/page/title.vm with loader org.apache.velocity.runtime.resource.loader.ClasspathResourceLoader
2022-05-17 16:34:12,335 - Velocimacro : added VM includeExpandingButtons: source=/templates/macros/report/expandAllButtons.vm
2022-05-17 16:34:12,335 - ResourceManager : found /templates/macros/report/expandAllButtons.vm with loader org.apache.velocity.runtime.resource.loader.ClasspathResourceLoader
2022-05-17 16:34:12,340 - Velocimacro : added VM includeReportTable: source=/templates/macros/report/reportTable.vm
2022-05-17 16:34:12,340 - ResourceManager : found /templates/macros/report/reportTable.vm with loader org.apache.velocity.runtime.resource.loader.ClasspathResourceLoader
2022-05-17 16:34:12,343 - Velocimacro : added VM includeReportHeader: source=/templates/macros/report/reportHeader.vm
2022-05-17 16:34:12,343 - ResourceManager : found /templates/macros/report/reportHeader.vm with loader org.apache.velocity.runtime.resource.loader.ClasspathResourceLoader
2022-05-17 16:34:12,351 - Velocimacro : added VM includeStatsTable: source=/templates/macros/report/statsTable.vm
2022-05-17 16:34:12,351 - ResourceManager : found /templates/macros/report/statsTable.vm with loader org.apache.velocity.runtime.resource.loader.ClasspathResourceLoader
2022-05-17 16:34:12,354 - Velocimacro : added VM includeBrief: source=/templates/macros/json/brief.vm
2022-05-17 16:34:12,354 - ResourceManager : found /templates/macros/json/brief.vm with loader org.apache.velocity.runtime.resource.loader.ClasspathResourceLoader
2022-05-17 16:34:12,356 - Velocimacro : added VM includeDocString: source=/templates/macros/json/docstring.vm
2022-05-17 16:34:12,356 - ResourceManager : found /templates/macros/json/docstring.vm with loader org.apache.velocity.runtime.resource.loader.ClasspathResourceLoader
2022-05-17 16:34:12,358 - Velocimacro : added VM includeDuration: source=/templates/macros/json/duration.vm
2022-05-17 16:34:12,358 - ResourceManager : found /templates/macros/json/duration.vm with loader org.apache.velocity.runtime.resource.loader.ClasspathResourceLoader
2022-05-17 16:34:12,365 - Velocimacro : added VM includeElement: source=/templates/macros/json/element.vm
2022-05-17 16:34:12,365 - ResourceManager : found /templates/macros/json/element.vm with loader org.apache.velocity.runtime.resource.loader.ClasspathResourceLoader
2022-05-17 16:34:12,379 - Velocimacro : added VM includeEmbeddings: source=/templates/macros/json/embeddings.vm
2022-05-17 16:34:12,379 - Velocimacro : added VM includeHtmlEmbedding: source=/templates/macros/json/embeddings.vm
2022-05-17 16:34:12,379 - Velocimacro : added VM includeVideoEmbedding: source=/templates/macros/json/embeddings.vm
2022-05-17 16:34:12,380 - Velocimacro : added VM includeImageEmbedding: source=/templates/macros/json/embeddings.vm
2022-05-17 16:34:12,380 - Velocimacro : added VM includeImageReferenceEmbedding: source=/templates/macros/json/embeddings.vm
2022-05-17 16:34:12,380 - Velocimacro : added VM includeTextEmbedding: source=/templates/macros/json/embeddings.vm
2022-05-17 16:34:12,381 - Velocimacro : added VM includeUnknownEmbedding: source=/templates/macros/json/embeddings.vm
2022-05-17 16:34:12,381 - ResourceManager : found /templates/macros/json/embeddings.vm with loader org.apache.velocity.runtime.resource.loader.ClasspathResourceLoader
2022-05-17 16:34:12,384 - Velocimacro : added VM includeHooks: source=/templates/macros/json/hooks.vm
2022-05-17 16:34:12,384 - ResourceManager : found /templates/macros/json/hooks.vm with loader org.apache.velocity.runtime.resource.loader.ClasspathResourceLoader
2022-05-17 16:34:12,386 - Velocimacro : added VM includeOutput: source=/templates/macros/json/output.vm
2022-05-17 16:34:12,387 - ResourceManager : found /templates/macros/json/output.vm with loader org.apache.velocity.runtime.resource.loader.ClasspathResourceLoader
2022-05-17 16:34:12,388 - Velocimacro : added VM includeMessage: source=/templates/macros/json/message.vm
2022-05-17 16:34:12,388 - ResourceManager : found /templates/macros/json/message.vm with loader org.apache.velocity.runtime.resource.loader.ClasspathResourceLoader
2022-05-17 16:34:12,390 - Velocimacro : added VM includeSteps: source=/templates/macros/json/steps.vm
2022-05-17 16:34:12,390 - ResourceManager : found /templates/macros/json/steps.vm with loader org.apache.velocity.runtime.resource.loader.ClasspathResourceLoader
2022-05-17 16:34:12,391 - Velocimacro : added VM includeStepName: source=/templates/macros/json/stepName.vm
2022-05-17 16:34:12,391 - ResourceManager : found /templates/macros/json/stepName.vm with loader org.apache.velocity.runtime.resource.loader.ClasspathResourceLoader
2022-05-17 16:34:12,392 - Velocimacro : added VM includeTags: source=/templates/macros/json/tags.vm
2022-05-17 16:34:12,392 - ResourceManager : found /templates/macros/json/tags.vm with loader org.apache.velocity.runtime.resource.loader.ClasspathResourceLoader
2022-05-17 16:34:12,400 - VM #includeNavigation: too few arguments to macro. Wanted 1 got 0
2022-05-17 16:34:12,402 - Left side ($active_tab) of '==' operation has null value. If it is a reference, it may not be in the context or its toString() returned null. /templates/macros/page/navigation.vm[line 14, column 51]
2022-05-17 16:34:12,402 - Left side ($active_tab) of '==' operation has null value. If it is a reference, it may not be in the context or its toString() returned null. /templates/macros/page/navigation.vm[line 15, column 51]
2022-05-17 16:34:12,402 - Left side ($active_tab) of '==' operation has null value. If it is a reference, it may not be in the context or its toString() returned null. /templates/macros/page/navigation.vm[line 16, column 51]
2022-05-17 16:34:12,402 - Left side ($active_tab) of '==' operation has null value. If it is a reference, it may not be in the context or its toString() returned null. /templates/macros/page/navigation.vm[line 20, column 51]
2022-05-17 16:34:12,424 - ResourceManager : found /templates/footer.vm with loader org.apache.velocity.runtime.resource.loader.ClasspathResourceLoader
2022-05-17 16:36:54,420 - Log4JLogChute initialized using file 'target\velocity.log'
2022-05-17 16:36:54,420 - Initializing Velocity, Calling init()...
2022-05-17 16:36:54,421 - Starting Apache Velocity v1.7 (compiled: 2010-11-19 12:14:37)
2022-05-17 16:36:54,421 - Default Properties File: org\apache\velocity\runtime\defaults\velocity.properties
2022-05-17 16:36:54,421 - Trying to use logger class org.apache.velocity.runtime.log.AvalonLogChute
2022-05-17 16:36:54,421 - Target log system for org.apache.velocity.runtime.log.AvalonLogChute is not available (java.lang.NoClassDefFoundError: org/apache/log/format/Formatter).  Falling back to next log system...
2022-05-17 16:36:54,421 - Trying to use logger class org.apache.velocity.runtime.log.Log4JLogChute
2022-05-17 16:36:54,421 - Using logger class org.apache.velocity.runtime.log.Log4JLogChute
2022-05-17 16:36:54,423 - ResourceLoader instantiated: org.apache.velocity.runtime.resource.loader.ClasspathResourceLoader
2022-05-17 16:36:54,437 - ResourceCache: initialized (class org.apache.velocity.runtime.resource.ResourceCacheImpl) with class java.util.Collections$SynchronizedMap cache map.
2022-05-17 16:36:54,439 - Loaded System Directive: org.apache.velocity.runtime.directive.Stop
2022-05-17 16:36:54,440 - Loaded System Directive: org.apache.velocity.runtime.directive.Define
2022-05-17 16:36:54,441 - Loaded System Directive: org.apache.velocity.runtime.directive.Break
2022-05-17 16:36:54,441 - Loaded System Directive: org.apache.velocity.runtime.directive.Evaluate
2022-05-17 16:36:54,442 - Loaded System Directive: org.apache.velocity.runtime.directive.Literal
2022-05-17 16:36:54,443 - Loaded System Directive: org.apache.velocity.runtime.directive.Macro
2022-05-17 16:36:54,443 - Loaded System Directive: org.apache.velocity.runtime.directive.Parse
2022-05-17 16:36:54,445 - Loaded System Directive: org.apache.velocity.runtime.directive.Include
2022-05-17 16:36:54,447 - Loaded System Directive: org.apache.velocity.runtime.directive.Foreach
2022-05-17 16:36:54,481 - Created '20' parsers.
2022-05-17 16:36:54,484 - Velocimacro : "velocimacro.library" is not set.  Trying default library: VM_global_library.vm
2022-05-17 16:36:54,485 - Could not load resource 'VM_global_library.vm' from ResourceLoader org.apache.velocity.runtime.resource.loader.ClasspathResourceLoader: ClasspathResourceLoader Error: cannot find resource VM_global_library.vm
2022-05-17 16:36:54,485 - Velocimacro : Default library not found.
2022-05-17 16:36:54,485 - Velocimacro : allowInline = true : VMs can be defined inline in templates
2022-05-17 16:36:54,485 - Velocimacro : allowInlineToOverride = false : VMs defined inline may NOT replace previous VM definitions
2022-05-17 16:36:54,485 - Velocimacro : allowInlineLocal = false : VMs defined inline will be global in scope if allowed.
2022-05-17 16:36:54,485 - Velocimacro : autoload off : VM system will not automatically reload global library macros
2022-05-17 16:36:54,561 - ResourceManager : found templates/generators/errorpage.vm with loader org.apache.velocity.runtime.resource.loader.ClasspathResourceLoader
2022-05-17 16:36:54,564 - ResourceManager : found /templates/headers.vm with loader org.apache.velocity.runtime.resource.loader.ClasspathResourceLoader
2022-05-17 16:36:54,565 - ResourceManager : found /templates/head.vm with loader org.apache.velocity.runtime.resource.loader.ClasspathResourceLoader
2022-05-17 16:36:54,567 - Velocimacro : added VM stringArray: source=/templates/macros/array.js.vm
2022-05-17 16:36:54,567 - Velocimacro : added VM numberArray: source=/templates/macros/array.js.vm
2022-05-17 16:36:54,567 - ResourceManager : found /templates/macros/array.js.vm with loader org.apache.velocity.runtime.resource.loader.ClasspathResourceLoader
2022-05-17 16:36:54,569 - Velocimacro : added VM includeBuildInfo: source=/templates/macros/page/buildinfo.vm
2022-05-17 16:36:54,569 - ResourceManager : found /templates/macros/page/buildinfo.vm with loader org.apache.velocity.runtime.resource.loader.ClasspathResourceLoader
2022-05-17 16:36:54,572 - Velocimacro : added VM includeClassifications: source=/templates/macros/page/classifications.vm
2022-05-17 16:36:54,573 - ResourceManager : found /templates/macros/page/classifications.vm with loader org.apache.velocity.runtime.resource.loader.ClasspathResourceLoader
2022-05-17 16:36:54,573 - Velocimacro : added VM includeLead: source=/templates/macros/page/lead.vm
2022-05-17 16:36:54,573 - ResourceManager : found /templates/macros/page/lead.vm with loader org.apache.velocity.runtime.resource.loader.ClasspathResourceLoader
2022-05-17 16:36:54,575 - Velocimacro : added VM includeNavigation: source=/templates/macros/page/navigation.vm
2022-05-17 16:36:54,575 - ResourceManager : found /templates/macros/page/navigation.vm with loader org.apache.velocity.runtime.resource.loader.ClasspathResourceLoader
2022-05-17 16:36:54,577 - Velocimacro : added VM includeReportInfo: source=/templates/macros/page/reportInfo.vm
2022-05-17 16:36:54,577 - ResourceManager : found /templates/macros/page/reportInfo.vm with loader org.apache.velocity.runtime.resource.loader.ClasspathResourceLoader
2022-05-17 16:36:54,578 - Velocimacro : added VM includeTitle: source=/templates/macros/page/title.vm
2022-05-17 16:36:54,578 - ResourceManager : found /templates/macros/page/title.vm with loader org.apache.velocity.runtime.resource.loader.ClasspathResourceLoader
2022-05-17 16:36:54,579 - Velocimacro : added VM includeExpandingButtons: source=/templates/macros/report/expandAllButtons.vm
2022-05-17 16:36:54,579 - ResourceManager : found /templates/macros/report/expandAllButtons.vm with loader org.apache.velocity.runtime.resource.loader.ClasspathResourceLoader
2022-05-17 16:36:54,583 - Velocimacro : added VM includeReportTable: source=/templates/macros/report/reportTable.vm
2022-05-17 16:36:54,583 - ResourceManager : found /templates/macros/report/reportTable.vm with loader org.apache.velocity.runtime.resource.loader.ClasspathResourceLoader
2022-05-17 16:36:54,584 - Velocimacro : added VM includeReportHeader: source=/templates/macros/report/reportHeader.vm
2022-05-17 16:36:54,584 - ResourceManager : found /templates/macros/report/reportHeader.vm with loader org.apache.velocity.runtime.resource.loader.ClasspathResourceLoader
2022-05-17 16:36:54,591 - Velocimacro : added VM includeStatsTable: source=/templates/macros/report/statsTable.vm
2022-05-17 16:36:54,591 - ResourceManager : found /templates/macros/report/statsTable.vm with loader org.apache.velocity.runtime.resource.loader.ClasspathResourceLoader
2022-05-17 16:36:54,592 - Velocimacro : added VM includeBrief: source=/templates/macros/json/brief.vm
2022-05-17 16:36:54,592 - ResourceManager : found /templates/macros/json/brief.vm with loader org.apache.velocity.runtime.resource.loader.ClasspathResourceLoader
2022-05-17 16:36:54,593 - Velocimacro : added VM includeDocString: source=/templates/macros/json/docstring.vm
2022-05-17 16:36:54,593 - ResourceManager : found /templates/macros/json/docstring.vm with loader org.apache.velocity.runtime.resource.loader.ClasspathResourceLoader
2022-05-17 16:36:54,595 - Velocimacro : added VM includeDuration: source=/templates/macros/json/duration.vm
2022-05-17 16:36:54,595 - ResourceManager : found /templates/macros/json/duration.vm with loader org.apache.velocity.runtime.resource.loader.ClasspathResourceLoader
2022-05-17 16:36:54,597 - Velocimacro : added VM includeElement: source=/templates/macros/json/element.vm
2022-05-17 16:36:54,597 - ResourceManager : found /templates/macros/json/element.vm with loader org.apache.velocity.runtime.resource.loader.ClasspathResourceLoader
2022-05-17 16:36:54,606 - Velocimacro : added VM includeEmbeddings: source=/templates/macros/json/embeddings.vm
2022-05-17 16:36:54,607 - Velocimacro : added VM includeHtmlEmbedding: source=/templates/macros/json/embeddings.vm
2022-05-17 16:36:54,607 - Velocimacro : added VM includeVideoEmbedding: source=/templates/macros/json/embeddings.vm
2022-05-17 16:36:54,607 - Velocimacro : added VM includeImageEmbedding: source=/templates/macros/json/embeddings.vm
2022-05-17 16:36:54,607 - Velocimacro : added VM includeImageReferenceEmbedding: source=/templates/macros/json/embeddings.vm
2022-05-17 16:36:54,607 - Velocimacro : added VM includeTextEmbedding: source=/templates/macros/json/embeddings.vm
2022-05-17 16:36:54,607 - Velocimacro : added VM includeUnknownEmbedding: source=/templates/macros/json/embeddings.vm
2022-05-17 16:36:54,607 - ResourceManager : found /templates/macros/json/embeddings.vm with loader org.apache.velocity.runtime.resource.loader.ClasspathResourceLoader
2022-05-17 16:36:54,610 - Velocimacro : added VM includeHooks: source=/templates/macros/json/hooks.vm
2022-05-17 16:36:54,610 - ResourceManager : found /templates/macros/json/hooks.vm with loader org.apache.velocity.runtime.resource.loader.ClasspathResourceLoader
2022-05-17 16:36:54,612 - Velocimacro : added VM includeOutput: source=/templates/macros/json/output.vm
2022-05-17 16:36:54,612 - ResourceManager : found /templates/macros/json/output.vm with loader org.apache.velocity.runtime.resource.loader.ClasspathResourceLoader
2022-05-17 16:36:54,612 - Velocimacro : added VM includeMessage: source=/templates/macros/json/message.vm
2022-05-17 16:36:54,612 - ResourceManager : found /templates/macros/json/message.vm with loader org.apache.velocity.runtime.resource.loader.ClasspathResourceLoader
2022-05-17 16:36:54,614 - Velocimacro : added VM includeSteps: source=/templates/macros/json/steps.vm
2022-05-17 16:36:54,614 - ResourceManager : found /templates/macros/json/steps.vm with loader org.apache.velocity.runtime.resource.loader.ClasspathResourceLoader
2022-05-17 16:36:54,615 - Velocimacro : added VM includeStepName: source=/templates/macros/json/stepName.vm
2022-05-17 16:36:54,615 - ResourceManager : found /templates/macros/json/stepName.vm with loader org.apache.velocity.runtime.resource.loader.ClasspathResourceLoader
2022-05-17 16:36:54,616 - Velocimacro : added VM includeTags: source=/templates/macros/json/tags.vm
2022-05-17 16:36:54,616 - ResourceManager : found /templates/macros/json/tags.vm with loader org.apache.velocity.runtime.resource.loader.ClasspathResourceLoader
2022-05-17 16:36:54,623 - VM #includeNavigation: too few arguments to macro. Wanted 1 got 0
2022-05-17 16:36:54,624 - Left side ($active_tab) of '==' operation has null value. If it is a reference, it may not be in the context or its toString() returned null. /templates/macros/page/navigation.vm[line 14, column 51]
2022-05-17 16:36:54,624 - Left side ($active_tab) of '==' operation has null value. If it is a reference, it may not be in the context or its toString() returned null. /templates/macros/page/navigation.vm[line 15, column 51]
2022-05-17 16:36:54,624 - Left side ($active_tab) of '==' operation has null value. If it is a reference, it may not be in the context or its toString() returned null. /templates/macros/page/navigation.vm[line 16, column 51]
2022-05-17 16:36:54,624 - Left side ($active_tab) of '==' operation has null value. If it is a reference, it may not be in the context or its toString() returned null. /templates/macros/page/navigation.vm[line 20, column 51]
2022-05-17 16:36:54,641 - ResourceManager : found /templates/footer.vm with loader org.apache.velocity.runtime.resource.loader.ClasspathResourceLoader
2022-05-17 16:39:29,382 - Log4JLogChute initialized using file 'target\velocity.log'
2022-05-17 16:39:29,383 - Initializing Velocity, Calling init()...
2022-05-17 16:39:29,383 - Starting Apache Velocity v1.7 (compiled: 2010-11-19 12:14:37)
2022-05-17 16:39:29,383 - Default Properties File: org\apache\velocity\runtime\defaults\velocity.properties
2022-05-17 16:39:29,383 - Trying to use logger class org.apache.velocity.runtime.log.AvalonLogChute
2022-05-17 16:39:29,383 - Target log system for org.apache.velocity.runtime.log.AvalonLogChute is not available (java.lang.NoClassDefFoundError: org/apache/log/format/Formatter).  Falling back to next log system...
2022-05-17 16:39:29,383 - Trying to use logger class org.apache.velocity.runtime.log.Log4JLogChute
2022-05-17 16:39:29,383 - Using logger class org.apache.velocity.runtime.log.Log4JLogChute
2022-05-17 16:39:29,390 - ResourceLoader instantiated: org.apache.velocity.runtime.resource.loader.ClasspathResourceLoader
2022-05-17 16:39:29,404 - ResourceCache: initialized (class org.apache.velocity.runtime.resource.ResourceCacheImpl) with class java.util.Collections$SynchronizedMap cache map.
2022-05-17 16:39:29,407 - Loaded System Directive: org.apache.velocity.runtime.directive.Stop
2022-05-17 16:39:29,408 - Loaded System Directive: org.apache.velocity.runtime.directive.Define
2022-05-17 16:39:29,409 - Loaded System Directive: org.apache.velocity.runtime.directive.Break
2022-05-17 16:39:29,409 - Loaded System Directive: org.apache.velocity.runtime.directive.Evaluate
2022-05-17 16:39:29,410 - Loaded System Directive: org.apache.velocity.runtime.directive.Literal
2022-05-17 16:39:29,410 - Loaded System Directive: org.apache.velocity.runtime.directive.Macro
2022-05-17 16:39:29,411 - Loaded System Directive: org.apache.velocity.runtime.directive.Parse
2022-05-17 16:39:29,412 - Loaded System Directive: org.apache.velocity.runtime.directive.Include
2022-05-17 16:39:29,413 - Loaded System Directive: org.apache.velocity.runtime.directive.Foreach
2022-05-17 16:39:29,437 - Created '20' parsers.
2022-05-17 16:39:29,440 - Velocimacro : "velocimacro.library" is not set.  Trying default library: VM_global_library.vm
2022-05-17 16:39:29,441 - Could not load resource 'VM_global_library.vm' from ResourceLoader org.apache.velocity.runtime.resource.loader.ClasspathResourceLoader: ClasspathResourceLoader Error: cannot find resource VM_global_library.vm
2022-05-17 16:39:29,441 - Velocimacro : Default library not found.
2022-05-17 16:39:29,441 - Velocimacro : allowInline = true : VMs can be defined inline in templates
2022-05-17 16:39:29,441 - Velocimacro : allowInlineToOverride = false : VMs defined inline may NOT replace previous VM definitions
2022-05-17 16:39:29,441 - Velocimacro : allowInlineLocal = false : VMs defined inline will be global in scope if allowed.
2022-05-17 16:39:29,441 - Velocimacro : autoload off : VM system will not automatically reload global library macros
2022-05-17 16:39:29,514 - ResourceManager : found templates/generators/errorpage.vm with loader org.apache.velocity.runtime.resource.loader.ClasspathResourceLoader
2022-05-17 16:39:29,518 - ResourceManager : found /templates/headers.vm with loader org.apache.velocity.runtime.resource.loader.ClasspathResourceLoader
2022-05-17 16:39:29,518 - ResourceManager : found /templates/head.vm with loader org.apache.velocity.runtime.resource.loader.ClasspathResourceLoader
2022-05-17 16:39:29,522 - Velocimacro : added VM stringArray: source=/templates/macros/array.js.vm
2022-05-17 16:39:29,522 - Velocimacro : added VM numberArray: source=/templates/macros/array.js.vm
2022-05-17 16:39:29,522 - ResourceManager : found /templates/macros/array.js.vm with loader org.apache.velocity.runtime.resource.loader.ClasspathResourceLoader
2022-05-17 16:39:29,525 - Velocimacro : added VM includeBuildInfo: source=/templates/macros/page/buildinfo.vm
2022-05-17 16:39:29,525 - ResourceManager : found /templates/macros/page/buildinfo.vm with loader org.apache.velocity.runtime.resource.loader.ClasspathResourceLoader
2022-05-17 16:39:29,527 - Velocimacro : added VM includeClassifications: source=/templates/macros/page/classifications.vm
2022-05-17 16:39:29,527 - ResourceManager : found /templates/macros/page/classifications.vm with loader org.apache.velocity.runtime.resource.loader.ClasspathResourceLoader
2022-05-17 16:39:29,528 - Velocimacro : added VM includeLead: source=/templates/macros/page/lead.vm
2022-05-17 16:39:29,528 - ResourceManager : found /templates/macros/page/lead.vm with loader org.apache.velocity.runtime.resource.loader.ClasspathResourceLoader
2022-05-17 16:39:29,531 - Velocimacro : added VM includeNavigation: source=/templates/macros/page/navigation.vm
2022-05-17 16:39:29,531 - ResourceManager : found /templates/macros/page/navigation.vm with loader org.apache.velocity.runtime.resource.loader.ClasspathResourceLoader
2022-05-17 16:39:29,532 - Velocimacro : added VM includeReportInfo: source=/templates/macros/page/reportInfo.vm
2022-05-17 16:39:29,532 - ResourceManager : found /templates/macros/page/reportInfo.vm with loader org.apache.velocity.runtime.resource.loader.ClasspathResourceLoader
2022-05-17 16:39:29,533 - Velocimacro : added VM includeTitle: source=/templates/macros/page/title.vm
2022-05-17 16:39:29,533 - ResourceManager : found /templates/macros/page/title.vm with loader org.apache.velocity.runtime.resource.loader.ClasspathResourceLoader
2022-05-17 16:39:29,533 - Velocimacro : added VM includeExpandingButtons: source=/templates/macros/report/expandAllButtons.vm
2022-05-17 16:39:29,534 - ResourceManager : found /templates/macros/report/expandAllButtons.vm with loader org.apache.velocity.runtime.resource.loader.ClasspathResourceLoader
2022-05-17 16:39:29,537 - Velocimacro : added VM includeReportTable: source=/templates/macros/report/reportTable.vm
2022-05-17 16:39:29,537 - ResourceManager : found /templates/macros/report/reportTable.vm with loader org.apache.velocity.runtime.resource.loader.ClasspathResourceLoader
2022-05-17 16:39:29,539 - Velocimacro : added VM includeReportHeader: source=/templates/macros/report/reportHeader.vm
2022-05-17 16:39:29,539 - ResourceManager : found /templates/macros/report/reportHeader.vm with loader org.apache.velocity.runtime.resource.loader.ClasspathResourceLoader
2022-05-17 16:39:29,543 - Velocimacro : added VM includeStatsTable: source=/templates/macros/report/statsTable.vm
2022-05-17 16:39:29,543 - ResourceManager : found /templates/macros/report/statsTable.vm with loader org.apache.velocity.runtime.resource.loader.ClasspathResourceLoader
2022-05-17 16:39:29,544 - Velocimacro : added VM includeBrief: source=/templates/macros/json/brief.vm
2022-05-17 16:39:29,544 - ResourceManager : found /templates/macros/json/brief.vm with loader org.apache.velocity.runtime.resource.loader.ClasspathResourceLoader
2022-05-17 16:39:29,545 - Velocimacro : added VM includeDocString: source=/templates/macros/json/docstring.vm
2022-05-17 16:39:29,545 - ResourceManager : found /templates/macros/json/docstring.vm with loader org.apache.velocity.runtime.resource.loader.ClasspathResourceLoader
2022-05-17 16:39:29,546 - Velocimacro : added VM includeDuration: source=/templates/macros/json/duration.vm
2022-05-17 16:39:29,546 - ResourceManager : found /templates/macros/json/duration.vm with loader org.apache.velocity.runtime.resource.loader.ClasspathResourceLoader
2022-05-17 16:39:29,550 - Velocimacro : added VM includeElement: source=/templates/macros/json/element.vm
2022-05-17 16:39:29,550 - ResourceManager : found /templates/macros/json/element.vm with loader org.apache.velocity.runtime.resource.loader.ClasspathResourceLoader
2022-05-17 16:39:29,558 - Velocimacro : added VM includeEmbeddings: source=/templates/macros/json/embeddings.vm
2022-05-17 16:39:29,558 - Velocimacro : added VM includeHtmlEmbedding: source=/templates/macros/json/embeddings.vm
2022-05-17 16:39:29,559 - Velocimacro : added VM includeVideoEmbedding: source=/templates/macros/json/embeddings.vm
2022-05-17 16:39:29,559 - Velocimacro : added VM includeImageEmbedding: source=/templates/macros/json/embeddings.vm
2022-05-17 16:39:29,559 - Velocimacro : added VM includeImageReferenceEmbedding: source=/templates/macros/json/embeddings.vm
2022-05-17 16:39:29,559 - Velocimacro : added VM includeTextEmbedding: source=/templates/macros/json/embeddings.vm
2022-05-17 16:39:29,559 - Velocimacro : added VM includeUnknownEmbedding: source=/templates/macros/json/embeddings.vm
2022-05-17 16:39:29,559 - ResourceManager : found /templates/macros/json/embeddings.vm with loader org.apache.velocity.runtime.resource.loader.ClasspathResourceLoader
2022-05-17 16:39:29,562 - Velocimacro : added VM includeHooks: source=/templates/macros/json/hooks.vm
2022-05-17 16:39:29,562 - ResourceManager : found /templates/macros/json/hooks.vm with loader org.apache.velocity.runtime.resource.loader.ClasspathResourceLoader
2022-05-17 16:39:29,564 - Velocimacro : added VM includeOutput: source=/templates/macros/json/output.vm
2022-05-17 16:39:29,564 - ResourceManager : found /templates/macros/json/output.vm with loader org.apache.velocity.runtime.resource.loader.ClasspathResourceLoader
2022-05-17 16:39:29,565 - Velocimacro : added VM includeMessage: source=/templates/macros/json/message.vm
2022-05-17 16:39:29,565 - ResourceManager : found /templates/macros/json/message.vm with loader org.apache.velocity.runtime.resource.loader.ClasspathResourceLoader
2022-05-17 16:39:29,567 - Velocimacro : added VM includeSteps: source=/templates/macros/json/steps.vm
2022-05-17 16:39:29,567 - ResourceManager : found /templates/macros/json/steps.vm with loader org.apache.velocity.runtime.resource.loader.ClasspathResourceLoader
2022-05-17 16:39:29,568 - Velocimacro : added VM includeStepName: source=/templates/macros/json/stepName.vm
2022-05-17 16:39:29,568 - ResourceManager : found /templates/macros/json/stepName.vm with loader org.apache.velocity.runtime.resource.loader.ClasspathResourceLoader
2022-05-17 16:39:29,569 - Velocimacro : added VM includeTags: source=/templates/macros/json/tags.vm
2022-05-17 16:39:29,569 - ResourceManager : found /templates/macros/json/tags.vm with loader org.apache.velocity.runtime.resource.loader.ClasspathResourceLoader
2022-05-17 16:39:29,577 - VM #includeNavigation: too few arguments to macro. Wanted 1 got 0
2022-05-17 16:39:29,578 - Left side ($active_tab) of '==' operation has null value. If it is a reference, it may not be in the context or its toString() returned null. /templates/macros/page/navigation.vm[line 14, column 51]
2022-05-17 16:39:29,578 - Left side ($active_tab) of '==' operation has null value. If it is a reference, it may not be in the context or its toString() returned null. /templates/macros/page/navigation.vm[line 15, column 51]
2022-05-17 16:39:29,578 - Left side ($active_tab) of '==' operation has null value. If it is a reference, it may not be in the context or its toString() returned null. /templates/macros/page/navigation.vm[line 16, column 51]
2022-05-17 16:39:29,578 - Left side ($active_tab) of '==' operation has null value. If it is a reference, it may not be in the context or its toString() returned null. /templates/macros/page/navigation.vm[line 20, column 51]
2022-05-17 16:39:29,613 - ResourceManager : found /templates/footer.vm with loader org.apache.velocity.runtime.resource.loader.ClasspathResourceLoader
2022-05-18 17:07:34,870 - Log4JLogChute initialized using file 'target\velocity.log'
2022-05-18 17:07:34,884 - Initializing Velocity, Calling init()...
2022-05-18 17:07:34,884 - Starting Apache Velocity v1.7 (compiled: 2010-11-19 12:14:37)
2022-05-18 17:07:34,884 - Default Properties File: org\apache\velocity\runtime\defaults\velocity.properties
2022-05-18 17:07:34,884 - Trying to use logger class org.apache.velocity.runtime.log.AvalonLogChute
2022-05-18 17:07:34,884 - Target log system for org.apache.velocity.runtime.log.AvalonLogChute is not available (java.lang.NoClassDefFoundError: org/apache/log/format/Formatter).  Falling back to next log system...
2022-05-18 17:07:34,884 - Trying to use logger class org.apache.velocity.runtime.log.Log4JLogChute
2022-05-18 17:07:34,884 - Using logger class org.apache.velocity.runtime.log.Log4JLogChute
2022-05-18 17:07:34,887 - ResourceLoader instantiated: org.apache.velocity.runtime.resource.loader.ClasspathResourceLoader
2022-05-18 17:07:34,903 - ResourceCache: initialized (class org.apache.velocity.runtime.resource.ResourceCacheImpl) with class java.util.Collections$SynchronizedMap cache map.
2022-05-18 17:07:34,905 - Loaded System Directive: org.apache.velocity.runtime.directive.Stop
2022-05-18 17:07:34,905 - Loaded System Directive: org.apache.velocity.runtime.directive.Define
2022-05-18 17:07:34,906 - Loaded System Directive: org.apache.velocity.runtime.directive.Break
2022-05-18 17:07:34,907 - Loaded System Directive: org.apache.velocity.runtime.directive.Evaluate
2022-05-18 17:07:34,907 - Loaded System Directive: org.apache.velocity.runtime.directive.Literal
2022-05-18 17:07:34,908 - Loaded System Directive: org.apache.velocity.runtime.directive.Macro
2022-05-18 17:07:34,909 - Loaded System Directive: org.apache.velocity.runtime.directive.Parse
2022-05-18 17:07:34,910 - Loaded System Directive: org.apache.velocity.runtime.directive.Include
2022-05-18 17:07:34,911 - Loaded System Directive: org.apache.velocity.runtime.directive.Foreach
2022-05-18 17:07:34,952 - Created '20' parsers.
2022-05-18 17:07:34,958 - Velocimacro : "velocimacro.library" is not set.  Trying default library: VM_global_library.vm
2022-05-18 17:07:34,959 - Could not load resource 'VM_global_library.vm' from ResourceLoader org.apache.velocity.runtime.resource.loader.ClasspathResourceLoader: ClasspathResourceLoader Error: cannot find resource VM_global_library.vm
2022-05-18 17:07:34,959 - Velocimacro : Default library not found.
2022-05-18 17:07:34,959 - Velocimacro : allowInline = true : VMs can be defined inline in templates
2022-05-18 17:07:34,959 - Velocimacro : allowInlineToOverride = false : VMs defined inline may NOT replace previous VM definitions
2022-05-18 17:07:34,959 - Velocimacro : allowInlineLocal = false : VMs defined inline will be global in scope if allowed.
2022-05-18 17:07:34,959 - Velocimacro : autoload off : VM system will not automatically reload global library macros
2022-05-18 17:07:35,119 - ResourceManager : found templates/generators/errorpage.vm with loader org.apache.velocity.runtime.resource.loader.ClasspathResourceLoader
2022-05-18 17:07:35,122 - ResourceManager : found /templates/headers.vm with loader org.apache.velocity.runtime.resource.loader.ClasspathResourceLoader
2022-05-18 17:07:35,123 - ResourceManager : found /templates/head.vm with loader org.apache.velocity.runtime.resource.loader.ClasspathResourceLoader
2022-05-18 17:07:35,127 - Velocimacro : added VM stringArray: source=/templates/macros/array.js.vm
2022-05-18 17:07:35,128 - Velocimacro : added VM numberArray: source=/templates/macros/array.js.vm
2022-05-18 17:07:35,128 - ResourceManager : found /templates/macros/array.js.vm with loader org.apache.velocity.runtime.resource.loader.ClasspathResourceLoader
2022-05-18 17:07:35,130 - Velocimacro : added VM includeBuildInfo: source=/templates/macros/page/buildinfo.vm
2022-05-18 17:07:35,130 - ResourceManager : found /templates/macros/page/buildinfo.vm with loader org.apache.velocity.runtime.resource.loader.ClasspathResourceLoader
2022-05-18 17:07:35,136 - Velocimacro : added VM includeClassifications: source=/templates/macros/page/classifications.vm
2022-05-18 17:07:35,136 - ResourceManager : found /templates/macros/page/classifications.vm with loader org.apache.velocity.runtime.resource.loader.ClasspathResourceLoader
2022-05-18 17:07:35,138 - Velocimacro : added VM includeLead: source=/templates/macros/page/lead.vm
2022-05-18 17:07:35,138 - ResourceManager : found /templates/macros/page/lead.vm with loader org.apache.velocity.runtime.resource.loader.ClasspathResourceLoader
2022-05-18 17:07:35,140 - Velocimacro : added VM includeNavigation: source=/templates/macros/page/navigation.vm
2022-05-18 17:07:35,141 - ResourceManager : found /templates/macros/page/navigation.vm with loader org.apache.velocity.runtime.resource.loader.ClasspathResourceLoader
2022-05-18 17:07:35,144 - Velocimacro : added VM includeReportInfo: source=/templates/macros/page/reportInfo.vm
2022-05-18 17:07:35,144 - ResourceManager : found /templates/macros/page/reportInfo.vm with loader org.apache.velocity.runtime.resource.loader.ClasspathResourceLoader
2022-05-18 17:07:35,145 - Velocimacro : added VM includeTitle: source=/templates/macros/page/title.vm
2022-05-18 17:07:35,145 - ResourceManager : found /templates/macros/page/title.vm with loader org.apache.velocity.runtime.resource.loader.ClasspathResourceLoader
2022-05-18 17:07:35,145 - Velocimacro : added VM includeExpandingButtons: source=/templates/macros/report/expandAllButtons.vm
2022-05-18 17:07:35,145 - ResourceManager : found /templates/macros/report/expandAllButtons.vm with loader org.apache.velocity.runtime.resource.loader.ClasspathResourceLoader
2022-05-18 17:07:35,150 - Velocimacro : added VM includeReportTable: source=/templates/macros/report/reportTable.vm
2022-05-18 17:07:35,150 - ResourceManager : found /templates/macros/report/reportTable.vm with loader org.apache.velocity.runtime.resource.loader.ClasspathResourceLoader
2022-05-18 17:07:35,151 - Velocimacro : added VM includeReportHeader: source=/templates/macros/report/reportHeader.vm
2022-05-18 17:07:35,151 - ResourceManager : found /templates/macros/report/reportHeader.vm with loader org.apache.velocity.runtime.resource.loader.ClasspathResourceLoader
2022-05-18 17:07:35,155 - Velocimacro : added VM includeStatsTable: source=/templates/macros/report/statsTable.vm
2022-05-18 17:07:35,155 - ResourceManager : found /templates/macros/report/statsTable.vm with loader org.apache.velocity.runtime.resource.loader.ClasspathResourceLoader
2022-05-18 17:07:35,156 - Velocimacro : added VM includeBrief: source=/templates/macros/json/brief.vm
2022-05-18 17:07:35,156 - ResourceManager : found /templates/macros/json/brief.vm with loader org.apache.velocity.runtime.resource.loader.ClasspathResourceLoader
2022-05-18 17:07:35,158 - Velocimacro : added VM includeDocString: source=/templates/macros/json/docstring.vm
2022-05-18 17:07:35,158 - ResourceManager : found /templates/macros/json/docstring.vm with loader org.apache.velocity.runtime.resource.loader.ClasspathResourceLoader
2022-05-18 17:07:35,159 - Velocimacro : added VM includeDuration: source=/templates/macros/json/duration.vm
2022-05-18 17:07:35,159 - ResourceManager : found /templates/macros/json/duration.vm with loader org.apache.velocity.runtime.resource.loader.ClasspathResourceLoader
2022-05-18 17:07:35,162 - Velocimacro : added VM includeElement: source=/templates/macros/json/element.vm
2022-05-18 17:07:35,162 - ResourceManager : found /templates/macros/json/element.vm with loader org.apache.velocity.runtime.resource.loader.ClasspathResourceLoader
2022-05-18 17:07:35,169 - Velocimacro : added VM includeEmbeddings: source=/templates/macros/json/embeddings.vm
2022-05-18 17:07:35,169 - Velocimacro : added VM includeHtmlEmbedding: source=/templates/macros/json/embeddings.vm
2022-05-18 17:07:35,169 - Velocimacro : added VM includeVideoEmbedding: source=/templates/macros/json/embeddings.vm
2022-05-18 17:07:35,170 - Velocimacro : added VM includeImageEmbedding: source=/templates/macros/json/embeddings.vm
2022-05-18 17:07:35,170 - Velocimacro : added VM includeImageReferenceEmbedding: source=/templates/macros/json/embeddings.vm
2022-05-18 17:07:35,170 - Velocimacro : added VM includeTextEmbedding: source=/templates/macros/json/embeddings.vm
2022-05-18 17:07:35,170 - Velocimacro : added VM includeUnknownEmbedding: source=/templates/macros/json/embeddings.vm
2022-05-18 17:07:35,170 - ResourceManager : found /templates/macros/json/embeddings.vm with loader org.apache.velocity.runtime.resource.loader.ClasspathResourceLoader
2022-05-18 17:07:35,172 - Velocimacro : added VM includeHooks: source=/templates/macros/json/hooks.vm
2022-05-18 17:07:35,172 - ResourceManager : found /templates/macros/json/hooks.vm with loader org.apache.velocity.runtime.resource.loader.ClasspathResourceLoader
2022-05-18 17:07:35,175 - Velocimacro : added VM includeOutput: source=/templates/macros/json/output.vm
2022-05-18 17:07:35,175 - ResourceManager : found /templates/macros/json/output.vm with loader org.apache.velocity.runtime.resource.loader.ClasspathResourceLoader
2022-05-18 17:07:35,176 - Velocimacro : added VM includeMessage: source=/templates/macros/json/message.vm
2022-05-18 17:07:35,176 - ResourceManager : found /templates/macros/json/message.vm with loader org.apache.velocity.runtime.resource.loader.ClasspathResourceLoader
2022-05-18 17:07:35,180 - Velocimacro : added VM includeSteps: source=/templates/macros/json/steps.vm
2022-05-18 17:07:35,180 - ResourceManager : found /templates/macros/json/steps.vm with loader org.apache.velocity.runtime.resource.loader.ClasspathResourceLoader
2022-05-18 17:07:35,181 - Velocimacro : added VM includeStepName: source=/templates/macros/json/stepName.vm
2022-05-18 17:07:35,181 - ResourceManager : found /templates/macros/json/stepName.vm with loader org.apache.velocity.runtime.resource.loader.ClasspathResourceLoader
2022-05-18 17:07:35,182 - Velocimacro : added VM includeTags: source=/templates/macros/json/tags.vm
2022-05-18 17:07:35,182 - ResourceManager : found /templates/macros/json/tags.vm with loader org.apache.velocity.runtime.resource.loader.ClasspathResourceLoader
2022-05-18 17:07:35,193 - VM #includeNavigation: too few arguments to macro. Wanted 1 got 0
2022-05-18 17:07:35,195 - Left side ($active_tab) of '==' operation has null value. If it is a reference, it may not be in the context or its toString() returned null. /templates/macros/page/navigation.vm[line 14, column 51]
2022-05-18 17:07:35,195 - Left side ($active_tab) of '==' operation has null value. If it is a reference, it may not be in the context or its toString() returned null. /templates/macros/page/navigation.vm[line 15, column 51]
2022-05-18 17:07:35,195 - Left side ($active_tab) of '==' operation has null value. If it is a reference, it may not be in the context or its toString() returned null. /templates/macros/page/navigation.vm[line 16, column 51]
2022-05-18 17:07:35,195 - Left side ($active_tab) of '==' operation has null value. If it is a reference, it may not be in the context or its toString() returned null. /templates/macros/page/navigation.vm[line 20, column 51]
2022-05-18 17:07:35,217 - ResourceManager : found /templates/footer.vm with loader org.apache.velocity.runtime.resource.loader.ClasspathResourceLoader
2022-05-18 17:09:09,982 - Log4JLogChute initialized using file 'target\velocity.log'
2022-05-18 17:09:09,983 - Initializing Velocity, Calling init()...
2022-05-18 17:09:09,983 - Starting Apache Velocity v1.7 (compiled: 2010-11-19 12:14:37)
2022-05-18 17:09:09,983 - Default Properties File: org\apache\velocity\runtime\defaults\velocity.properties
2022-05-18 17:09:09,983 - Trying to use logger class org.apache.velocity.runtime.log.AvalonLogChute
2022-05-18 17:09:09,983 - Target log system for org.apache.velocity.runtime.log.AvalonLogChute is not available (java.lang.NoClassDefFoundError: org/apache/log/format/Formatter).  Falling back to next log system...
2022-05-18 17:09:09,983 - Trying to use logger class org.apache.velocity.runtime.log.Log4JLogChute
2022-05-18 17:09:09,983 - Using logger class org.apache.velocity.runtime.log.Log4JLogChute
2022-05-18 17:09:09,987 - ResourceLoader instantiated: org.apache.velocity.runtime.resource.loader.ClasspathResourceLoader
2022-05-18 17:09:10,016 - ResourceCache: initialized (class org.apache.velocity.runtime.resource.ResourceCacheImpl) with class java.util.Collections$SynchronizedMap cache map.
2022-05-18 17:09:10,020 - Loaded System Directive: org.apache.velocity.runtime.directive.Stop
2022-05-18 17:09:10,022 - Loaded System Directive: org.apache.velocity.runtime.directive.Define
2022-05-18 17:09:10,024 - Loaded System Directive: org.apache.velocity.runtime.directive.Break
2022-05-18 17:09:10,025 - Loaded System Directive: org.apache.velocity.runtime.directive.Evaluate
2022-05-18 17:09:10,027 - Loaded System Directive: org.apache.velocity.runtime.directive.Literal
2022-05-18 17:09:10,031 - Loaded System Directive: org.apache.velocity.runtime.directive.Macro
2022-05-18 17:09:10,034 - Loaded System Directive: org.apache.velocity.runtime.directive.Parse
2022-05-18 17:09:10,037 - Loaded System Directive: org.apache.velocity.runtime.directive.Include
2022-05-18 17:09:10,039 - Loaded System Directive: org.apache.velocity.runtime.directive.Foreach
2022-05-18 17:09:10,068 - Created '20' parsers.
2022-05-18 17:09:10,072 - Velocimacro : "velocimacro.library" is not set.  Trying default library: VM_global_library.vm
2022-05-18 17:09:10,072 - Could not load resource 'VM_global_library.vm' from ResourceLoader org.apache.velocity.runtime.resource.loader.ClasspathResourceLoader: ClasspathResourceLoader Error: cannot find resource VM_global_library.vm
2022-05-18 17:09:10,072 - Velocimacro : Default library not found.
2022-05-18 17:09:10,072 - Velocimacro : allowInline = true : VMs can be defined inline in templates
2022-05-18 17:09:10,072 - Velocimacro : allowInlineToOverride = false : VMs defined inline may NOT replace previous VM definitions
2022-05-18 17:09:10,072 - Velocimacro : allowInlineLocal = false : VMs defined inline will be global in scope if allowed.
2022-05-18 17:09:10,072 - Velocimacro : autoload off : VM system will not automatically reload global library macros
2022-05-18 17:09:10,164 - ResourceManager : found templates/generators/errorpage.vm with loader org.apache.velocity.runtime.resource.loader.ClasspathResourceLoader
2022-05-18 17:09:10,168 - ResourceManager : found /templates/headers.vm with loader org.apache.velocity.runtime.resource.loader.ClasspathResourceLoader
2022-05-18 17:09:10,169 - ResourceManager : found /templates/head.vm with loader org.apache.velocity.runtime.resource.loader.ClasspathResourceLoader
2022-05-18 17:09:10,171 - Velocimacro : added VM stringArray: source=/templates/macros/array.js.vm
2022-05-18 17:09:10,172 - Velocimacro : added VM numberArray: source=/templates/macros/array.js.vm
2022-05-18 17:09:10,172 - ResourceManager : found /templates/macros/array.js.vm with loader org.apache.velocity.runtime.resource.loader.ClasspathResourceLoader
2022-05-18 17:09:10,174 - Velocimacro : added VM includeBuildInfo: source=/templates/macros/page/buildinfo.vm
2022-05-18 17:09:10,174 - ResourceManager : found /templates/macros/page/buildinfo.vm with loader org.apache.velocity.runtime.resource.loader.ClasspathResourceLoader
2022-05-18 17:09:10,177 - Velocimacro : added VM includeClassifications: source=/templates/macros/page/classifications.vm
2022-05-18 17:09:10,177 - ResourceManager : found /templates/macros/page/classifications.vm with loader org.apache.velocity.runtime.resource.loader.ClasspathResourceLoader
2022-05-18 17:09:10,178 - Velocimacro : added VM includeLead: source=/templates/macros/page/lead.vm
2022-05-18 17:09:10,178 - ResourceManager : found /templates/macros/page/lead.vm with loader org.apache.velocity.runtime.resource.loader.ClasspathResourceLoader
2022-05-18 17:09:10,180 - Velocimacro : added VM includeNavigation: source=/templates/macros/page/navigation.vm
2022-05-18 17:09:10,180 - ResourceManager : found /templates/macros/page/navigation.vm with loader org.apache.velocity.runtime.resource.loader.ClasspathResourceLoader
2022-05-18 17:09:10,182 - Velocimacro : added VM includeReportInfo: source=/templates/macros/page/reportInfo.vm
2022-05-18 17:09:10,182 - ResourceManager : found /templates/macros/page/reportInfo.vm with loader org.apache.velocity.runtime.resource.loader.ClasspathResourceLoader
2022-05-18 17:09:10,183 - Velocimacro : added VM includeTitle: source=/templates/macros/page/title.vm
2022-05-18 17:09:10,183 - ResourceManager : found /templates/macros/page/title.vm with loader org.apache.velocity.runtime.resource.loader.ClasspathResourceLoader
2022-05-18 17:09:10,184 - Velocimacro : added VM includeExpandingButtons: source=/templates/macros/report/expandAllButtons.vm
2022-05-18 17:09:10,184 - ResourceManager : found /templates/macros/report/expandAllButtons.vm with loader org.apache.velocity.runtime.resource.loader.ClasspathResourceLoader
2022-05-18 17:09:10,189 - Velocimacro : added VM includeReportTable: source=/templates/macros/report/reportTable.vm
2022-05-18 17:09:10,190 - ResourceManager : found /templates/macros/report/reportTable.vm with loader org.apache.velocity.runtime.resource.loader.ClasspathResourceLoader
2022-05-18 17:09:10,191 - Velocimacro : added VM includeReportHeader: source=/templates/macros/report/reportHeader.vm
2022-05-18 17:09:10,191 - ResourceManager : found /templates/macros/report/reportHeader.vm with loader org.apache.velocity.runtime.resource.loader.ClasspathResourceLoader
2022-05-18 17:09:10,195 - Velocimacro : added VM includeStatsTable: source=/templates/macros/report/statsTable.vm
2022-05-18 17:09:10,195 - ResourceManager : found /templates/macros/report/statsTable.vm with loader org.apache.velocity.runtime.resource.loader.ClasspathResourceLoader
2022-05-18 17:09:10,197 - Velocimacro : added VM includeBrief: source=/templates/macros/json/brief.vm
2022-05-18 17:09:10,197 - ResourceManager : found /templates/macros/json/brief.vm with loader org.apache.velocity.runtime.resource.loader.ClasspathResourceLoader
2022-05-18 17:09:10,198 - Velocimacro : added VM includeDocString: source=/templates/macros/json/docstring.vm
2022-05-18 17:09:10,198 - ResourceManager : found /templates/macros/json/docstring.vm with loader org.apache.velocity.runtime.resource.loader.ClasspathResourceLoader
2022-05-18 17:09:10,200 - Velocimacro : added VM includeDuration: source=/templates/macros/json/duration.vm
2022-05-18 17:09:10,201 - ResourceManager : found /templates/macros/json/duration.vm with loader org.apache.velocity.runtime.resource.loader.ClasspathResourceLoader
2022-05-18 17:09:10,206 - Velocimacro : added VM includeElement: source=/templates/macros/json/element.vm
2022-05-18 17:09:10,206 - ResourceManager : found /templates/macros/json/element.vm with loader org.apache.velocity.runtime.resource.loader.ClasspathResourceLoader
2022-05-18 17:09:10,218 - Velocimacro : added VM includeEmbeddings: source=/templates/macros/json/embeddings.vm
2022-05-18 17:09:10,218 - Velocimacro : added VM includeHtmlEmbedding: source=/templates/macros/json/embeddings.vm
2022-05-18 17:09:10,219 - Velocimacro : added VM includeVideoEmbedding: source=/templates/macros/json/embeddings.vm
2022-05-18 17:09:10,219 - Velocimacro : added VM includeImageEmbedding: source=/templates/macros/json/embeddings.vm
2022-05-18 17:09:10,219 - Velocimacro : added VM includeImageReferenceEmbedding: source=/templates/macros/json/embeddings.vm
2022-05-18 17:09:10,219 - Velocimacro : added VM includeTextEmbedding: source=/templates/macros/json/embeddings.vm
2022-05-18 17:09:10,219 - Velocimacro : added VM includeUnknownEmbedding: source=/templates/macros/json/embeddings.vm
2022-05-18 17:09:10,219 - ResourceManager : found /templates/macros/json/embeddings.vm with loader org.apache.velocity.runtime.resource.loader.ClasspathResourceLoader
2022-05-18 17:09:10,221 - Velocimacro : added VM includeHooks: source=/templates/macros/json/hooks.vm
2022-05-18 17:09:10,221 - ResourceManager : found /templates/macros/json/hooks.vm with loader org.apache.velocity.runtime.resource.loader.ClasspathResourceLoader
2022-05-18 17:09:10,223 - Velocimacro : added VM includeOutput: source=/templates/macros/json/output.vm
2022-05-18 17:09:10,224 - ResourceManager : found /templates/macros/json/output.vm with loader org.apache.velocity.runtime.resource.loader.ClasspathResourceLoader
2022-05-18 17:09:10,224 - Velocimacro : added VM includeMessage: source=/templates/macros/json/message.vm
2022-05-18 17:09:10,224 - ResourceManager : found /templates/macros/json/message.vm with loader org.apache.velocity.runtime.resource.loader.ClasspathResourceLoader
2022-05-18 17:09:10,226 - Velocimacro : added VM includeSteps: source=/templates/macros/json/steps.vm
2022-05-18 17:09:10,226 - ResourceManager : found /templates/macros/json/steps.vm with loader org.apache.velocity.runtime.resource.loader.ClasspathResourceLoader
2022-05-18 17:09:10,227 - Velocimacro : added VM includeStepName: source=/templates/macros/json/stepName.vm
2022-05-18 17:09:10,227 - ResourceManager : found /templates/macros/json/stepName.vm with loader org.apache.velocity.runtime.resource.loader.ClasspathResourceLoader
2022-05-18 17:09:10,228 - Velocimacro : added VM includeTags: source=/templates/macros/json/tags.vm
2022-05-18 17:09:10,228 - ResourceManager : found /templates/macros/json/tags.vm with loader org.apache.velocity.runtime.resource.loader.ClasspathResourceLoader
2022-05-18 17:09:10,237 - VM #includeNavigation: too few arguments to macro. Wanted 1 got 0
2022-05-18 17:09:10,238 - Left side ($active_tab) of '==' operation has null value. If it is a reference, it may not be in the context or its toString() returned null. /templates/macros/page/navigation.vm[line 14, column 51]
2022-05-18 17:09:10,238 - Left side ($active_tab) of '==' operation has null value. If it is a reference, it may not be in the context or its toString() returned null. /templates/macros/page/navigation.vm[line 15, column 51]
2022-05-18 17:09:10,238 - Left side ($active_tab) of '==' operation has null value. If it is a reference, it may not be in the context or its toString() returned null. /templates/macros/page/navigation.vm[line 16, column 51]
2022-05-18 17:09:10,238 - Left side ($active_tab) of '==' operation has null value. If it is a reference, it may not be in the context or its toString() returned null. /templates/macros/page/navigation.vm[line 20, column 51]
2022-05-18 17:09:10,257 - ResourceManager : found /templates/footer.vm with loader org.apache.velocity.runtime.resource.loader.ClasspathResourceLoader
2022-05-18 17:11:02,365 - Log4JLogChute initialized using file 'target\velocity.log'
2022-05-18 17:11:02,366 - Initializing Velocity, Calling init()...
2022-05-18 17:11:02,366 - Starting Apache Velocity v1.7 (compiled: 2010-11-19 12:14:37)
2022-05-18 17:11:02,366 - Default Properties File: org\apache\velocity\runtime\defaults\velocity.properties
2022-05-18 17:11:02,366 - Trying to use logger class org.apache.velocity.runtime.log.AvalonLogChute
2022-05-18 17:11:02,366 - Target log system for org.apache.velocity.runtime.log.AvalonLogChute is not available (java.lang.NoClassDefFoundError: org/apache/log/format/Formatter).  Falling back to next log system...
2022-05-18 17:11:02,366 - Trying to use logger class org.apache.velocity.runtime.log.Log4JLogChute
2022-05-18 17:11:02,366 - Using logger class org.apache.velocity.runtime.log.Log4JLogChute
2022-05-18 17:11:02,368 - ResourceLoader instantiated: org.apache.velocity.runtime.resource.loader.ClasspathResourceLoader
2022-05-18 17:11:02,379 - ResourceCache: initialized (class org.apache.velocity.runtime.resource.ResourceCacheImpl) with class java.util.Collections$SynchronizedMap cache map.
2022-05-18 17:11:02,381 - Loaded System Directive: org.apache.velocity.runtime.directive.Stop
2022-05-18 17:11:02,382 - Loaded System Directive: org.apache.velocity.runtime.directive.Define
2022-05-18 17:11:02,383 - Loaded System Directive: org.apache.velocity.runtime.directive.Break
2022-05-18 17:11:02,383 - Loaded System Directive: org.apache.velocity.runtime.directive.Evaluate
2022-05-18 17:11:02,383 - Loaded System Directive: org.apache.velocity.runtime.directive.Literal
2022-05-18 17:11:02,384 - Loaded System Directive: org.apache.velocity.runtime.directive.Macro
2022-05-18 17:11:02,385 - Loaded System Directive: org.apache.velocity.runtime.directive.Parse
2022-05-18 17:11:02,386 - Loaded System Directive: org.apache.velocity.runtime.directive.Include
2022-05-18 17:11:02,387 - Loaded System Directive: org.apache.velocity.runtime.directive.Foreach
2022-05-18 17:11:02,414 - Created '20' parsers.
2022-05-18 17:11:02,420 - Velocimacro : "velocimacro.library" is not set.  Trying default library: VM_global_library.vm
2022-05-18 17:11:02,421 - Could not load resource 'VM_global_library.vm' from ResourceLoader org.apache.velocity.runtime.resource.loader.ClasspathResourceLoader: ClasspathResourceLoader Error: cannot find resource VM_global_library.vm
2022-05-18 17:11:02,421 - Velocimacro : Default library not found.
2022-05-18 17:11:02,421 - Velocimacro : allowInline = true : VMs can be defined inline in templates
2022-05-18 17:11:02,421 - Velocimacro : allowInlineToOverride = false : VMs defined inline may NOT replace previous VM definitions
2022-05-18 17:11:02,421 - Velocimacro : allowInlineLocal = false : VMs defined inline will be global in scope if allowed.
2022-05-18 17:11:02,421 - Velocimacro : autoload off : VM system will not automatically reload global library macros
2022-05-18 17:11:02,509 - ResourceManager : found templates/generators/errorpage.vm with loader org.apache.velocity.runtime.resource.loader.ClasspathResourceLoader
2022-05-18 17:11:02,513 - ResourceManager : found /templates/headers.vm with loader org.apache.velocity.runtime.resource.loader.ClasspathResourceLoader
2022-05-18 17:11:02,514 - ResourceManager : found /templates/head.vm with loader org.apache.velocity.runtime.resource.loader.ClasspathResourceLoader
2022-05-18 17:11:02,516 - Velocimacro : added VM stringArray: source=/templates/macros/array.js.vm
2022-05-18 17:11:02,516 - Velocimacro : added VM numberArray: source=/templates/macros/array.js.vm
2022-05-18 17:11:02,516 - ResourceManager : found /templates/macros/array.js.vm with loader org.apache.velocity.runtime.resource.loader.ClasspathResourceLoader
2022-05-18 17:11:02,518 - Velocimacro : added VM includeBuildInfo: source=/templates/macros/page/buildinfo.vm
2022-05-18 17:11:02,518 - ResourceManager : found /templates/macros/page/buildinfo.vm with loader org.apache.velocity.runtime.resource.loader.ClasspathResourceLoader
2022-05-18 17:11:02,521 - Velocimacro : added VM includeClassifications: source=/templates/macros/page/classifications.vm
2022-05-18 17:11:02,521 - ResourceManager : found /templates/macros/page/classifications.vm with loader org.apache.velocity.runtime.resource.loader.ClasspathResourceLoader
2022-05-18 17:11:02,521 - Velocimacro : added VM includeLead: source=/templates/macros/page/lead.vm
2022-05-18 17:11:02,521 - ResourceManager : found /templates/macros/page/lead.vm with loader org.apache.velocity.runtime.resource.loader.ClasspathResourceLoader
2022-05-18 17:11:02,523 - Velocimacro : added VM includeNavigation: source=/templates/macros/page/navigation.vm
2022-05-18 17:11:02,523 - ResourceManager : found /templates/macros/page/navigation.vm with loader org.apache.velocity.runtime.resource.loader.ClasspathResourceLoader
2022-05-18 17:11:02,526 - Velocimacro : added VM includeReportInfo: source=/templates/macros/page/reportInfo.vm
2022-05-18 17:11:02,526 - ResourceManager : found /templates/macros/page/reportInfo.vm with loader org.apache.velocity.runtime.resource.loader.ClasspathResourceLoader
2022-05-18 17:11:02,527 - Velocimacro : added VM includeTitle: source=/templates/macros/page/title.vm
2022-05-18 17:11:02,528 - ResourceManager : found /templates/macros/page/title.vm with loader org.apache.velocity.runtime.resource.loader.ClasspathResourceLoader
2022-05-18 17:11:02,529 - Velocimacro : added VM includeExpandingButtons: source=/templates/macros/report/expandAllButtons.vm
2022-05-18 17:11:02,529 - ResourceManager : found /templates/macros/report/expandAllButtons.vm with loader org.apache.velocity.runtime.resource.loader.ClasspathResourceLoader
2022-05-18 17:11:02,532 - Velocimacro : added VM includeReportTable: source=/templates/macros/report/reportTable.vm
2022-05-18 17:11:02,533 - ResourceManager : found /templates/macros/report/reportTable.vm with loader org.apache.velocity.runtime.resource.loader.ClasspathResourceLoader
2022-05-18 17:11:02,534 - Velocimacro : added VM includeReportHeader: source=/templates/macros/report/reportHeader.vm
2022-05-18 17:11:02,534 - ResourceManager : found /templates/macros/report/reportHeader.vm with loader org.apache.velocity.runtime.resource.loader.ClasspathResourceLoader
2022-05-18 17:11:02,540 - Velocimacro : added VM includeStatsTable: source=/templates/macros/report/statsTable.vm
2022-05-18 17:11:02,540 - ResourceManager : found /templates/macros/report/statsTable.vm with loader org.apache.velocity.runtime.resource.loader.ClasspathResourceLoader
2022-05-18 17:11:02,541 - Velocimacro : added VM includeBrief: source=/templates/macros/json/brief.vm
2022-05-18 17:11:02,541 - ResourceManager : found /templates/macros/json/brief.vm with loader org.apache.velocity.runtime.resource.loader.ClasspathResourceLoader
2022-05-18 17:11:02,543 - Velocimacro : added VM includeDocString: source=/templates/macros/json/docstring.vm
2022-05-18 17:11:02,543 - ResourceManager : found /templates/macros/json/docstring.vm with loader org.apache.velocity.runtime.resource.loader.ClasspathResourceLoader
2022-05-18 17:11:02,545 - Velocimacro : added VM includeDuration: source=/templates/macros/json/duration.vm
2022-05-18 17:11:02,545 - ResourceManager : found /templates/macros/json/duration.vm with loader org.apache.velocity.runtime.resource.loader.ClasspathResourceLoader
2022-05-18 17:11:02,548 - Velocimacro : added VM includeElement: source=/templates/macros/json/element.vm
2022-05-18 17:11:02,548 - ResourceManager : found /templates/macros/json/element.vm with loader org.apache.velocity.runtime.resource.loader.ClasspathResourceLoader
2022-05-18 17:11:02,561 - Velocimacro : added VM includeEmbeddings: source=/templates/macros/json/embeddings.vm
2022-05-18 17:11:02,562 - Velocimacro : added VM includeHtmlEmbedding: source=/templates/macros/json/embeddings.vm
2022-05-18 17:11:02,562 - Velocimacro : added VM includeVideoEmbedding: source=/templates/macros/json/embeddings.vm
2022-05-18 17:11:02,562 - Velocimacro : added VM includeImageEmbedding: source=/templates/macros/json/embeddings.vm
2022-05-18 17:11:02,563 - Velocimacro : added VM includeImageReferenceEmbedding: source=/templates/macros/json/embeddings.vm
2022-05-18 17:11:02,563 - Velocimacro : added VM includeTextEmbedding: source=/templates/macros/json/embeddings.vm
2022-05-18 17:11:02,563 - Velocimacro : added VM includeUnknownEmbedding: source=/templates/macros/json/embeddings.vm
2022-05-18 17:11:02,563 - ResourceManager : found /templates/macros/json/embeddings.vm with loader org.apache.velocity.runtime.resource.loader.ClasspathResourceLoader
2022-05-18 17:11:02,566 - Velocimacro : added VM includeHooks: source=/templates/macros/json/hooks.vm
2022-05-18 17:11:02,566 - ResourceManager : found /templates/macros/json/hooks.vm with loader org.apache.velocity.runtime.resource.loader.ClasspathResourceLoader
2022-05-18 17:11:02,569 - Velocimacro : added VM includeOutput: source=/templates/macros/json/output.vm
2022-05-18 17:11:02,569 - ResourceManager : found /templates/macros/json/output.vm with loader org.apache.velocity.runtime.resource.loader.ClasspathResourceLoader
2022-05-18 17:11:02,571 - Velocimacro : added VM includeMessage: source=/templates/macros/json/message.vm
2022-05-18 17:11:02,571 - ResourceManager : found /templates/macros/json/message.vm with loader org.apache.velocity.runtime.resource.loader.ClasspathResourceLoader
2022-05-18 17:11:02,574 - Velocimacro : added VM includeSteps: source=/templates/macros/json/steps.vm
2022-05-18 17:11:02,574 - ResourceManager : found /templates/macros/json/steps.vm with loader org.apache.velocity.runtime.resource.loader.ClasspathResourceLoader
2022-05-18 17:11:02,576 - Velocimacro : added VM includeStepName: source=/templates/macros/json/stepName.vm
2022-05-18 17:11:02,576 - ResourceManager : found /templates/macros/json/stepName.vm with loader org.apache.velocity.runtime.resource.loader.ClasspathResourceLoader
2022-05-18 17:11:02,578 - Velocimacro : added VM includeTags: source=/templates/macros/json/tags.vm
2022-05-18 17:11:02,578 - ResourceManager : found /templates/macros/json/tags.vm with loader org.apache.velocity.runtime.resource.loader.ClasspathResourceLoader
2022-05-18 17:11:02,588 - VM #includeNavigation: too few arguments to macro. Wanted 1 got 0
2022-05-18 17:11:02,589 - Left side ($active_tab) of '==' operation has null value. If it is a reference, it may not be in the context or its toString() returned null. /templates/macros/page/navigation.vm[line 14, column 51]
2022-05-18 17:11:02,589 - Left side ($active_tab) of '==' operation has null value. If it is a reference, it may not be in the context or its toString() returned null. /templates/macros/page/navigation.vm[line 15, column 51]
2022-05-18 17:11:02,589 - Left side ($active_tab) of '==' operation has null value. If it is a reference, it may not be in the context or its toString() returned null. /templates/macros/page/navigation.vm[line 16, column 51]
2022-05-18 17:11:02,589 - Left side ($active_tab) of '==' operation has null value. If it is a reference, it may not be in the context or its toString() returned null. /templates/macros/page/navigation.vm[line 20, column 51]
2022-05-18 17:11:02,608 - ResourceManager : found /templates/footer.vm with loader org.apache.velocity.runtime.resource.loader.ClasspathResourceLoader
